# JRE version: OpenJDK Runtime Environment Temurin-21.0.8+9 (21.0.8+9) (build 21.0.8+9-LTS)
# Java VM: OpenJDK 64-Bit Server VM Temurin-21.0.8+9 (21.0.8+9-LTS, mixed mode, sharing, tiered, compressed oops, compressed class ptrs, parallel gc, windows-amd64)
GC Precious Log:
 CardTable entry size: 512
 CPUs: 12 total, 12 available
 Memory: 7581M
 Large Page Support: Disabled
 NUMA Support: Disabled
 Compressed Oops: Enabled (32-bit)
 Alignments: Space 512K, Generation 512K, Heap 2M
 Heap Min Capacity: 100M
 Heap Initial Capacity: 100M
 Heap Max Capacity: 2G
 Pre-touch: Disabled
 Parallel Workers: 10
Heap:
 PSYoungGen      total 23040K, used 1851K [0x00000000d5580000, 0x00000000d7280000, 0x0000000100000000)
  eden space 22016K, 5% used [0x00000000d5580000,0x00000000d56c6700,0x00000000d6b00000)
  from space 1024K, 53% used [0x00000000d7180000,0x00000000d7208508,0x00000000d7280000)
  to   space 1536K, 0% used [0x00000000d6f80000,0x00000000d6f80000,0x00000000d7100000)
 ParOldGen       total 68608K, used 23690K [0x0000000080000000, 0x0000000084300000, 0x00000000d5580000)
  object space 68608K, 34% used [0x0000000080000000,0x0000000081722ac8,0x0000000084300000)
 Metaspace       used 36911K, committed 37952K, reserved 1114112K
  class space    used 3838K, committed 4224K, reserved 1048576K
GC Heap History (20 events):
Event: 27.199 GC heap before
{Heap before GC invocations=10 (full 1):
 PSYoungGen      total 28672K, used 5113K [0x00000000d5580000, 0x00000000d7880000, 0x0000000100000000)
  eden space 23552K, 0% used [0x00000000d5580000,0x00000000d5580000,0x00000000d6c80000)
  from space 5120K, 99% used [0x00000000d6f00000,0x00000000d73fe6b8,0x00000000d7400000)
  to   space 4608K, 0% used [0x00000000d7400000,0x00000000d7400000,0x00000000d7880000)
 ParOldGen       total 68608K, used 13219K [0x0000000080000000, 0x0000000084300000, 0x00000000d5580000)
  object space 68608K, 19% used [0x0000000080000000,0x0000000080ce8d38,0x0000000084300000)
 Metaspace       used 20650K, committed 21504K, reserved 1114112K
  class space    used 2181K, committed 2560K, reserved 1048576K
}
Event: 27.240 GC heap after
{Heap after GC invocations=10 (full 1):
 PSYoungGen      total 28672K, used 0K [0x00000000d5580000, 0x00000000d7880000, 0x0000000100000000)
  eden space 23552K, 0% used [0x00000000d5580000,0x00000000d5580000,0x00000000d6c80000)
  from space 5120K, 0% used [0x00000000d6f00000,0x00000000d6f00000,0x00000000d7400000)
  to   space 4608K, 0% used [0x00000000d7400000,0x00000000d7400000,0x00000000d7880000)
 ParOldGen       total 68608K, used 16076K [0x0000000080000000, 0x0000000084300000, 0x00000000d5580000)
  object space 68608K, 23% used [0x0000000080000000,0x0000000080fb32b8,0x0000000084300000)
 Metaspace       used 20637K, committed 21504K, reserved 1114112K
  class space    used 2177K, committed 2560K, reserved 1048576K
}
Event: 27.460 GC heap before
{Heap before GC invocations=11 (full 1):
 PSYoungGen      total 28672K, used 23552K [0x00000000d5580000, 0x00000000d7880000, 0x0000000100000000)
  eden space 23552K, 100% used [0x00000000d5580000,0x00000000d6c80000,0x00000000d6c80000)
  from space 5120K, 0% used [0x00000000d6f00000,0x00000000d6f00000,0x00000000d7400000)
  to   space 4608K, 0% used [0x00000000d7400000,0x00000000d7400000,0x00000000d7880000)
 ParOldGen       total 68608K, used 16076K [0x0000000080000000, 0x0000000084300000, 0x00000000d5580000)
  object space 68608K, 23% used [0x0000000080000000,0x0000000080fb32b8,0x0000000084300000)
 Metaspace       used 22618K, committed 23424K, reserved 1114112K
  class space    used 2325K, committed 2688K, reserved 1048576K
}
Event: 27.461 GC heap after
{Heap after GC invocations=11 (full 1):
 PSYoungGen      total 24064K, used 1011K [0x00000000d5580000, 0x00000000d7500000, 0x0000000100000000)
  eden space 23040K, 0% used [0x00000000d5580000,0x00000000d5580000,0x00000000d6c00000)
  from space 1024K, 98% used [0x00000000d7400000,0x00000000d74fcca8,0x00000000d7500000)
  to   space 3072K, 0% used [0x00000000d6f00000,0x00000000d6f00000,0x00000000d7200000)
 ParOldGen       total 68608K, used 16084K [0x0000000080000000, 0x0000000084300000, 0x00000000d5580000)
  object space 68608K, 23% used [0x0000000080000000,0x0000000080fb52b8,0x0000000084300000)
 Metaspace       used 22618K, committed 23424K, reserved 1114112K
  class space    used 2325K, committed 2688K, reserved 1048576K
}
Event: 27.694 GC heap before
{Heap before GC invocations=12 (full 1):
 PSYoungGen      total 24064K, used 24051K [0x00000000d5580000, 0x00000000d7500000, 0x0000000100000000)
  eden space 23040K, 100% used [0x00000000d5580000,0x00000000d6c00000,0x00000000d6c00000)
  from space 1024K, 98% used [0x00000000d7400000,0x00000000d74fcca8,0x00000000d7500000)
  to   space 3072K, 0% used [0x00000000d6f00000,0x00000000d6f00000,0x00000000d7200000)
 ParOldGen       total 68608K, used 16084K [0x0000000080000000, 0x0000000084300000, 0x00000000d5580000)
  object space 68608K, 23% used [0x0000000080000000,0x0000000080fb52b8,0x0000000084300000)
 Metaspace       used 25688K, committed 26496K, reserved 1114112K
  class space    used 2547K, committed 2880K, reserved 1048576K
}
Event: 27.696 GC heap after
{Heap after GC invocations=12 (full 1):
 PSYoungGen      total 25600K, used 624K [0x00000000d5580000, 0x00000000d7480000, 0x0000000100000000)
  eden space 22528K, 0% used [0x00000000d5580000,0x00000000d5580000,0x00000000d6b80000)
  from space 3072K, 20% used [0x00000000d6f00000,0x00000000d6f9c050,0x00000000d7200000)
  to   space 1536K, 0% used [0x00000000d7300000,0x00000000d7300000,0x00000000d7480000)
 ParOldGen       total 68608K, used 16928K [0x0000000080000000, 0x0000000084300000, 0x00000000d5580000)
  object space 68608K, 24% used [0x0000000080000000,0x0000000081088178,0x0000000084300000)
 Metaspace       used 25688K, committed 26496K, reserved 1114112K
  class space    used 2547K, committed 2880K, reserved 1048576K
}
Event: 27.839 GC heap before
{Heap before GC invocations=13 (full 1):
 PSYoungGen      total 25600K, used 23152K [0x00000000d5580000, 0x00000000d7480000, 0x0000000100000000)
  eden space 22528K, 100% used [0x00000000d5580000,0x00000000d6b80000,0x00000000d6b80000)
  from space 3072K, 20% used [0x00000000d6f00000,0x00000000d6f9c050,0x00000000d7200000)
  to   space 1536K, 0% used [0x00000000d7300000,0x00000000d7300000,0x00000000d7480000)
 ParOldGen       total 68608K, used 16928K [0x0000000080000000, 0x0000000084300000, 0x00000000d5580000)
  object space 68608K, 24% used [0x0000000080000000,0x0000000081088178,0x0000000084300000)
 Metaspace       used 26906K, committed 27776K, reserved 1114112K
  class space    used 2616K, committed 3008K, reserved 1048576K
}
Event: 27.841 GC heap after
{Heap after GC invocations=13 (full 1):
 PSYoungGen      total 23552K, used 1371K [0x00000000d5580000, 0x00000000d7480000, 0x0000000100000000)
  eden space 22016K, 0% used [0x00000000d5580000,0x00000000d5580000,0x00000000d6b00000)
  from space 1536K, 89% used [0x00000000d7300000,0x00000000d7456da0,0x00000000d7480000)
  to   space 1536K, 0% used [0x00000000d7180000,0x00000000d7180000,0x00000000d7300000)
 ParOldGen       total 68608K, used 18041K [0x0000000080000000, 0x0000000084300000, 0x00000000d5580000)
  object space 68608K, 26% used [0x0000000080000000,0x000000008119e768,0x0000000084300000)
 Metaspace       used 26906K, committed 27776K, reserved 1114112K
  class space    used 2616K, committed 3008K, reserved 1048576K
}
Event: 28.186 GC heap before
{Heap before GC invocations=14 (full 1):
 PSYoungGen      total 23552K, used 23387K [0x00000000d5580000, 0x00000000d7480000, 0x0000000100000000)
  eden space 22016K, 100% used [0x00000000d5580000,0x00000000d6b00000,0x00000000d6b00000)
  from space 1536K, 89% used [0x00000000d7300000,0x00000000d7456da0,0x00000000d7480000)
  to   space 1536K, 0% used [0x00000000d7180000,0x00000000d7180000,0x00000000d7300000)
 ParOldGen       total 68608K, used 18041K [0x0000000080000000, 0x0000000084300000, 0x00000000d5580000)
  object space 68608K, 26% used [0x0000000080000000,0x000000008119e768,0x0000000084300000)
 Metaspace       used 28354K, committed 29248K, reserved 1114112K
  class space    used 2734K, committed 3136K, reserved 1048576K
}
Event: 28.188 GC heap after
{Heap after GC invocations=14 (full 1):
 PSYoungGen      total 23552K, used 1460K [0x00000000d5580000, 0x00000000d7380000, 0x0000000100000000)
  eden space 22016K, 0% used [0x00000000d5580000,0x00000000d5580000,0x00000000d6b00000)
  from space 1536K, 95% used [0x00000000d7180000,0x00000000d72ed0e0,0x00000000d7300000)
  to   space 512K, 0% used [0x00000000d7300000,0x00000000d7300000,0x00000000d7380000)
 ParOldGen       total 68608K, used 19189K [0x0000000080000000, 0x0000000084300000, 0x00000000d5580000)
  object space 68608K, 27% used [0x0000000080000000,0x00000000812bd498,0x0000000084300000)
 Metaspace       used 28354K, committed 29248K, reserved 1114112K
  class space    used 2734K, committed 3136K, reserved 1048576K
}
Event: 28.413 GC heap before
{Heap before GC invocations=15 (full 1):
 PSYoungGen      total 23552K, used 23476K [0x00000000d5580000, 0x00000000d7380000, 0x0000000100000000)
  eden space 22016K, 100% used [0x00000000d5580000,0x00000000d6b00000,0x00000000d6b00000)
  from space 1536K, 95% used [0x00000000d7180000,0x00000000d72ed0e0,0x00000000d7300000)
  to   space 512K, 0% used [0x00000000d7300000,0x00000000d7300000,0x00000000d7380000)
 ParOldGen       total 68608K, used 19189K [0x0000000080000000, 0x0000000084300000, 0x00000000d5580000)
  object space 68608K, 27% used [0x0000000080000000,0x00000000812bd498,0x0000000084300000)
 Metaspace       used 30741K, committed 31616K, reserved 1114112K
  class space    used 3024K, committed 3392K, reserved 1048576K
}
Event: 28.415 GC heap after
{Heap after GC invocations=15 (full 1):
 PSYoungGen      total 22528K, used 492K [0x00000000d5580000, 0x00000000d7380000, 0x0000000100000000)
  eden space 22016K, 0% used [0x00000000d5580000,0x00000000d5580000,0x00000000d6b00000)
  from space 512K, 96% used [0x00000000d7300000,0x00000000d737b0a8,0x00000000d7380000)
  to   space 2560K, 0% used [0x00000000d6e80000,0x00000000d6e80000,0x00000000d7100000)
 ParOldGen       total 68608K, used 20821K [0x0000000080000000, 0x0000000084300000, 0x00000000d5580000)
  object space 68608K, 30% used [0x0000000080000000,0x0000000081455600,0x0000000084300000)
 Metaspace       used 30741K, committed 31616K, reserved 1114112K
  class space    used 3024K, committed 3392K, reserved 1048576K
}
Event: 28.607 GC heap before
{Heap before GC invocations=16 (full 1):
 PSYoungGen      total 22528K, used 22508K [0x00000000d5580000, 0x00000000d7380000, 0x0000000100000000)
  eden space 22016K, 100% used [0x00000000d5580000,0x00000000d6b00000,0x00000000d6b00000)
  from space 512K, 96% used [0x00000000d7300000,0x00000000d737b0a8,0x00000000d7380000)
  to   space 2560K, 0% used [0x00000000d6e80000,0x00000000d6e80000,0x00000000d7100000)
 ParOldGen       total 68608K, used 20821K [0x0000000080000000, 0x0000000084300000, 0x00000000d5580000)
  object space 68608K, 30% used [0x0000000080000000,0x0000000081455600,0x0000000084300000)
 Metaspace       used 32759K, committed 33856K, reserved 1114112K
  class space    used 3290K, committed 3776K, reserved 1048576K
}
Event: 28.609 GC heap after
{Heap after GC invocations=16 (full 1):
 PSYoungGen      total 24576K, used 1134K [0x00000000d5580000, 0x00000000d7380000, 0x0000000100000000)
  eden space 22016K, 0% used [0x00000000d5580000,0x00000000d5580000,0x00000000d6b00000)
  from space 2560K, 44% used [0x00000000d6e80000,0x00000000d6f9ba20,0x00000000d7100000)
  to   space 1536K, 0% used [0x00000000d7200000,0x00000000d7200000,0x00000000d7380000)
 ParOldGen       total 68608K, used 21305K [0x0000000080000000, 0x0000000084300000, 0x00000000d5580000)
  object space 68608K, 31% used [0x0000000080000000,0x00000000814ce6a8,0x0000000084300000)
 Metaspace       used 32759K, committed 33856K, reserved 1114112K
  class space    used 3290K, committed 3776K, reserved 1048576K
}
Event: 28.759 GC heap before
{Heap before GC invocations=17 (full 1):
 PSYoungGen      total 24576K, used 23080K [0x00000000d5580000, 0x00000000d7380000, 0x0000000100000000)
  eden space 22016K, 99% used [0x00000000d5580000,0x00000000d6aee7b8,0x00000000d6b00000)
  from space 2560K, 44% used [0x00000000d6e80000,0x00000000d6f9ba20,0x00000000d7100000)
  to   space 1536K, 0% used [0x00000000d7200000,0x00000000d7200000,0x00000000d7380000)
 ParOldGen       total 68608K, used 21305K [0x0000000080000000, 0x0000000084300000, 0x00000000d5580000)
  object space 68608K, 31% used [0x0000000080000000,0x00000000814ce6a8,0x0000000084300000)
 Metaspace       used 34836K, committed 35840K, reserved 1114112K
  class space    used 3572K, committed 4032K, reserved 1048576K
}
Event: 28.761 GC heap after
{Heap after GC invocations=17 (full 1):
 PSYoungGen      total 23040K, used 957K [0x00000000d5580000, 0x00000000d7300000, 0x0000000100000000)
  eden space 22016K, 0% used [0x00000000d5580000,0x00000000d5580000,0x00000000d6b00000)
  from space 1024K, 93% used [0x00000000d7200000,0x00000000d72ef548,0x00000000d7300000)
  to   space 1536K, 0% used [0x00000000d7000000,0x00000000d7000000,0x00000000d7180000)
 ParOldGen       total 68608K, used 22220K [0x0000000080000000, 0x0000000084300000, 0x00000000d5580000)
  object space 68608K, 32% used [0x0000000080000000,0x00000000815b3000,0x0000000084300000)
 Metaspace       used 34836K, committed 35840K, reserved 1114112K
  class space    used 3572K, committed 4032K, reserved 1048576K
}
Event: 28.761 GC heap before
{Heap before GC invocations=18 (full 2):
 PSYoungGen      total 23040K, used 957K [0x00000000d5580000, 0x00000000d7300000, 0x0000000100000000)
  eden space 22016K, 0% used [0x00000000d5580000,0x00000000d5580000,0x00000000d6b00000)
  from space 1024K, 93% used [0x00000000d7200000,0x00000000d72ef548,0x00000000d7300000)
  to   space 1536K, 0% used [0x00000000d7000000,0x00000000d7000000,0x00000000d7180000)
 ParOldGen       total 68608K, used 22220K [0x0000000080000000, 0x0000000084300000, 0x00000000d5580000)
  object space 68608K, 32% used [0x0000000080000000,0x00000000815b3000,0x0000000084300000)
 Metaspace       used 34836K, committed 35840K, reserved 1114112K
  class space    used 3572K, committed 4032K, reserved 1048576K
}
Event: 28.806 GC heap after
{Heap after GC invocations=18 (full 2):
 PSYoungGen      total 23040K, used 0K [0x00000000d5580000, 0x00000000d7300000, 0x0000000100000000)
  eden space 22016K, 0% used [0x00000000d5580000,0x00000000d5580000,0x00000000d6b00000)
  from space 1024K, 0% used [0x00000000d7200000,0x00000000d7200000,0x00000000d7300000)
  to   space 1536K, 0% used [0x00000000d7000000,0x00000000d7000000,0x00000000d7180000)
 ParOldGen       total 68608K, used 21777K [0x0000000080000000, 0x0000000084300000, 0x00000000d5580000)
  object space 68608K, 31% used [0x0000000080000000,0x0000000081544600,0x0000000084300000)
 Metaspace       used 34836K, committed 35840K, reserved 1114112K
  class space    used 3572K, committed 4032K, reserved 1048576K
}
Event: 31.020 GC heap before
{Heap before GC invocations=19 (full 2):
 PSYoungGen      total 23040K, used 22000K [0x00000000d5580000, 0x00000000d7300000, 0x0000000100000000)
  eden space 22016K, 99% used [0x00000000d5580000,0x00000000d6afc128,0x00000000d6b00000)
  from space 1024K, 0% used [0x00000000d7200000,0x00000000d7200000,0x00000000d7300000)
  to   space 1536K, 0% used [0x00000000d7000000,0x00000000d7000000,0x00000000d7180000)
 ParOldGen       total 68608K, used 21777K [0x0000000080000000, 0x0000000084300000, 0x00000000d5580000)
  object space 68608K, 31% used [0x0000000080000000,0x0000000081544600,0x0000000084300000)
 Metaspace       used 36212K, committed 37248K, reserved 1114112K
  class space    used 3756K, committed 4160K, reserved 1048576K
}
Event: 31.022 GC heap after
{Heap after GC invocations=19 (full 2):
 PSYoungGen      total 23552K, used 1520K [0x00000000d5580000, 0x00000000d7280000, 0x0000000100000000)
  eden space 22016K, 0% used [0x00000000d5580000,0x00000000d5580000,0x00000000d6b00000)
  from space 1536K, 98% used [0x00000000d7000000,0x00000000d717c010,0x00000000d7180000)
  to   space 1024K, 0% used [0x00000000d7180000,0x00000000d7180000,0x00000000d7280000)
 ParOldGen       total 68608K, used 22305K [0x0000000080000000, 0x0000000084300000, 0x00000000d5580000)
  object space 68608K, 32% used [0x0000000080000000,0x00000000815c8600,0x0000000084300000)
 Metaspace       used 36212K, committed 37248K, reserved 1114112K
  class space    used 3756K, committed 4160K, reserved 1048576K
}

