# JRE version: OpenJDK Runtime Environment Temurin-21.0.8+9 (21.0.8+9) (build 21.0.8+9-LTS)
# Java VM: OpenJDK 64-Bit Server VM Temurin-21.0.8+9 (21.0.8+9-LTS, mixed mode, sharing, tiered, compressed oops, compressed class ptrs, parallel gc, windows-amd64)
GC Precious Log:
 CardTable entry size: 512
 CPUs: 12 total, 12 available
 Memory: 7581M
 Large Page Support: Disabled
 NUMA Support: Disabled
 Compressed Oops: Enabled (32-bit)
 Alignments: Space 512K, Generation 512K, Heap 2M
 Heap Min Capacity: 100M
 Heap Initial Capacity: 100M
 Heap Max Capacity: 2G
 Pre-touch: Disabled
 Parallel Workers: 10
Heap:
 PSYoungGen      total 8192K, used 7524K [0x00000000d5580000, 0x00000000d6600000, 0x0000000100000000)
  eden space 7680K, 94% used [0x00000000d5580000,0x00000000d5c91290,0x00000000d5d00000)
  from space 512K, 56% used [0x00000000d6580000,0x00000000d65c8000,0x00000000d6600000)
  to   space 512K, 0% used [0x00000000d6500000,0x00000000d6500000,0x00000000d6580000)
 ParOldGen       total 265728K, used 265352K [0x0000000080000000, 0x0000000090380000, 0x00000000d5580000)
  object space 265728K, 99% used [0x0000000080000000,0x0000000090322150,0x0000000090380000)
 Metaspace       used 75655K, committed 77248K, reserved 1179648K
  class space    used 8351K, committed 9024K, reserved 1048576K
GC Heap History (20 events):
Event: 26850.743 GC heap before
{Heap before GC invocations=90 (full 3):
 PSYoungGen      total 14336K, used 13865K [0x00000000d5580000, 0x00000000d6b00000, 0x0000000100000000)
  eden space 7680K, 100% used [0x00000000d5580000,0x00000000d5d00000,0x00000000d5d00000)
  from space 6656K, 92% used [0x00000000d6380000,0x00000000d698a600,0x00000000d6a00000)
  to   space 6656K, 0% used [0x00000000d5d00000,0x00000000d5d00000,0x00000000d6380000)
 ParOldGen       total 219648K, used 219440K [0x0000000080000000, 0x000000008d680000, 0x00000000d5580000)
  object space 219648K, 99% used [0x0000000080000000,0x000000008d64c0d0,0x000000008d680000)
 Metaspace       used 75253K, committed 76800K, reserved 1179648K
  class space    used 8324K, committed 9024K, reserved 1048576K
}
Event: 26850.757 GC heap after
{Heap after GC invocations=90 (full 3):
 PSYoungGen      total 14336K, used 6118K [0x00000000d5580000, 0x00000000d6a00000, 0x0000000100000000)
  eden space 7680K, 0% used [0x00000000d5580000,0x00000000d5580000,0x00000000d5d00000)
  from space 6656K, 91% used [0x00000000d5d00000,0x00000000d62f9820,0x00000000d6380000)
  to   space 6656K, 0% used [0x00000000d6380000,0x00000000d6380000,0x00000000d6a00000)
 ParOldGen       total 225280K, used 224789K [0x0000000080000000, 0x000000008dc00000, 0x00000000d5580000)
  object space 225280K, 99% used [0x0000000080000000,0x000000008db85740,0x000000008dc00000)
 Metaspace       used 75253K, committed 76800K, reserved 1179648K
  class space    used 8324K, committed 9024K, reserved 1048576K
}
Event: 26850.955 GC heap before
{Heap before GC invocations=91 (full 3):
 PSYoungGen      total 14336K, used 13798K [0x00000000d5580000, 0x00000000d6a00000, 0x0000000100000000)
  eden space 7680K, 100% used [0x00000000d5580000,0x00000000d5d00000,0x00000000d5d00000)
  from space 6656K, 91% used [0x00000000d5d00000,0x00000000d62f9820,0x00000000d6380000)
  to   space 6656K, 0% used [0x00000000d6380000,0x00000000d6380000,0x00000000d6a00000)
 ParOldGen       total 225280K, used 224789K [0x0000000080000000, 0x000000008dc00000, 0x00000000d5580000)
  object space 225280K, 99% used [0x0000000080000000,0x000000008db85740,0x000000008dc00000)
 Metaspace       used 75269K, committed 76864K, reserved 1179648K
  class space    used 8324K, committed 9024K, reserved 1048576K
}
Event: 26850.962 GC heap after
{Heap after GC invocations=91 (full 3):
 PSYoungGen      total 13312K, used 5423K [0x00000000d5580000, 0x00000000d6900000, 0x0000000100000000)
  eden space 7680K, 0% used [0x00000000d5580000,0x00000000d5580000,0x00000000d5d00000)
  from space 5632K, 96% used [0x00000000d6380000,0x00000000d68cbd38,0x00000000d6900000)
  to   space 6144K, 0% used [0x00000000d5d00000,0x00000000d5d00000,0x00000000d6300000)
 ParOldGen       total 230912K, used 230755K [0x0000000080000000, 0x000000008e180000, 0x00000000d5580000)
  object space 230912K, 99% used [0x0000000080000000,0x000000008e158f60,0x000000008e180000)
 Metaspace       used 75269K, committed 76864K, reserved 1179648K
  class space    used 8324K, committed 9024K, reserved 1048576K
}
Event: 26851.002 GC heap before
{Heap before GC invocations=92 (full 3):
 PSYoungGen      total 13312K, used 13103K [0x00000000d5580000, 0x00000000d6900000, 0x0000000100000000)
  eden space 7680K, 100% used [0x00000000d5580000,0x00000000d5d00000,0x00000000d5d00000)
  from space 5632K, 96% used [0x00000000d6380000,0x00000000d68cbd38,0x00000000d6900000)
  to   space 6144K, 0% used [0x00000000d5d00000,0x00000000d5d00000,0x00000000d6300000)
 ParOldGen       total 230912K, used 230755K [0x0000000080000000, 0x000000008e180000, 0x00000000d5580000)
  object space 230912K, 99% used [0x0000000080000000,0x000000008e158f60,0x000000008e180000)
 Metaspace       used 75301K, committed 76864K, reserved 1179648K
  class space    used 8324K, committed 9024K, reserved 1048576K
}
Event: 26851.008 GC heap after
{Heap after GC invocations=92 (full 3):
 PSYoungGen      total 13824K, used 6133K [0x00000000d5580000, 0x00000000d7800000, 0x0000000100000000)
  eden space 7680K, 0% used [0x00000000d5580000,0x00000000d5580000,0x00000000d5d00000)
  from space 6144K, 99% used [0x00000000d5d00000,0x00000000d62fd650,0x00000000d6300000)
  to   space 13824K, 0% used [0x00000000d6a80000,0x00000000d6a80000,0x00000000d7800000)
 ParOldGen       total 237568K, used 237182K [0x0000000080000000, 0x000000008e800000, 0x00000000d5580000)
  object space 237568K, 99% used [0x0000000080000000,0x000000008e79fb60,0x000000008e800000)
 Metaspace       used 75301K, committed 76864K, reserved 1179648K
  class space    used 8324K, committed 9024K, reserved 1048576K
}
Event: 26851.052 GC heap before
{Heap before GC invocations=93 (full 3):
 PSYoungGen      total 13824K, used 13813K [0x00000000d5580000, 0x00000000d7800000, 0x0000000100000000)
  eden space 7680K, 100% used [0x00000000d5580000,0x00000000d5d00000,0x00000000d5d00000)
  from space 6144K, 99% used [0x00000000d5d00000,0x00000000d62fd650,0x00000000d6300000)
  to   space 13824K, 0% used [0x00000000d6a80000,0x00000000d6a80000,0x00000000d7800000)
 ParOldGen       total 237568K, used 237182K [0x0000000080000000, 0x000000008e800000, 0x00000000d5580000)
  object space 237568K, 99% used [0x0000000080000000,0x000000008e79fb60,0x000000008e800000)
 Metaspace       used 75306K, committed 76864K, reserved 1179648K
  class space    used 8324K, committed 9024K, reserved 1048576K
}
Event: 26851.062 GC heap after
{Heap after GC invocations=93 (full 3):
 PSYoungGen      total 15360K, used 7648K [0x00000000d5580000, 0x00000000d7200000, 0x0000000100000000)
  eden space 7680K, 0% used [0x00000000d5580000,0x00000000d5580000,0x00000000d5d00000)
  from space 7680K, 99% used [0x00000000d6a80000,0x00000000d71f8000,0x00000000d7200000)
  to   space 9728K, 0% used [0x00000000d5f00000,0x00000000d5f00000,0x00000000d6880000)
 ParOldGen       total 243712K, used 243376K [0x0000000080000000, 0x000000008ee00000, 0x00000000d5580000)
  object space 243712K, 99% used [0x0000000080000000,0x000000008edac1c0,0x000000008ee00000)
 Metaspace       used 75306K, committed 76864K, reserved 1179648K
  class space    used 8324K, committed 9024K, reserved 1048576K
}
Event: 26851.113 GC heap before
{Heap before GC invocations=94 (full 3):
 PSYoungGen      total 15360K, used 15328K [0x00000000d5580000, 0x00000000d7200000, 0x0000000100000000)
  eden space 7680K, 100% used [0x00000000d5580000,0x00000000d5d00000,0x00000000d5d00000)
  from space 7680K, 99% used [0x00000000d6a80000,0x00000000d71f8000,0x00000000d7200000)
  to   space 9728K, 0% used [0x00000000d5f00000,0x00000000d5f00000,0x00000000d6880000)
 ParOldGen       total 243712K, used 243376K [0x0000000080000000, 0x000000008ee00000, 0x00000000d5580000)
  object space 243712K, 99% used [0x0000000080000000,0x000000008edac1c0,0x000000008ee00000)
 Metaspace       used 75306K, committed 76864K, reserved 1179648K
  class space    used 8324K, committed 9024K, reserved 1048576K
}
Event: 26851.125 GC heap after
{Heap after GC invocations=94 (full 3):
 PSYoungGen      total 14336K, used 6656K [0x00000000d5580000, 0x00000000d6c00000, 0x0000000100000000)
  eden space 7680K, 0% used [0x00000000d5580000,0x00000000d5580000,0x00000000d5d00000)
  from space 6656K, 100% used [0x00000000d5f00000,0x00000000d6580000,0x00000000d6580000)
  to   space 6656K, 0% used [0x00000000d6580000,0x00000000d6580000,0x00000000d6c00000)
 ParOldGen       total 251392K, used 250968K [0x0000000080000000, 0x000000008f580000, 0x00000000d5580000)
  object space 251392K, 99% used [0x0000000080000000,0x000000008f5161c0,0x000000008f580000)
 Metaspace       used 75306K, committed 76864K, reserved 1179648K
  class space    used 8324K, committed 9024K, reserved 1048576K
}
Event: 26851.280 GC heap before
{Heap before GC invocations=95 (full 3):
 PSYoungGen      total 14336K, used 13701K [0x00000000d5580000, 0x00000000d6c00000, 0x0000000100000000)
  eden space 7680K, 91% used [0x00000000d5580000,0x00000000d5c61508,0x00000000d5d00000)
  from space 6656K, 100% used [0x00000000d5f00000,0x00000000d6580000,0x00000000d6580000)
  to   space 6656K, 0% used [0x00000000d6580000,0x00000000d6580000,0x00000000d6c00000)
 ParOldGen       total 251392K, used 250968K [0x0000000080000000, 0x000000008f580000, 0x00000000d5580000)
  object space 251392K, 99% used [0x0000000080000000,0x000000008f5161c0,0x000000008f580000)
 Metaspace       used 75321K, committed 76864K, reserved 1179648K
  class space    used 8324K, committed 9024K, reserved 1048576K
}
Event: 26851.287 GC heap after
{Heap after GC invocations=95 (full 3):
 PSYoungGen      total 11264K, used 3493K [0x00000000d5580000, 0x00000000d6900000, 0x0000000100000000)
  eden space 7680K, 0% used [0x00000000d5580000,0x00000000d5580000,0x00000000d5d00000)
  from space 3584K, 97% used [0x00000000d6580000,0x00000000d68e9660,0x00000000d6900000)
  to   space 5120K, 0% used [0x00000000d5f00000,0x00000000d5f00000,0x00000000d6400000)
 ParOldGen       total 257536K, used 257312K [0x0000000080000000, 0x000000008fb80000, 0x00000000d5580000)
  object space 257536K, 99% used [0x0000000080000000,0x000000008fb481c0,0x000000008fb80000)
 Metaspace       used 75321K, committed 76864K, reserved 1179648K
  class space    used 8324K, committed 9024K, reserved 1048576K
}
Event: 26851.703 GC heap before
{Heap before GC invocations=96 (full 3):
 PSYoungGen      total 11264K, used 11173K [0x00000000d5580000, 0x00000000d6900000, 0x0000000100000000)
  eden space 7680K, 100% used [0x00000000d5580000,0x00000000d5d00000,0x00000000d5d00000)
  from space 3584K, 97% used [0x00000000d6580000,0x00000000d68e9660,0x00000000d6900000)
  to   space 5120K, 0% used [0x00000000d5f00000,0x00000000d5f00000,0x00000000d6400000)
 ParOldGen       total 257536K, used 257312K [0x0000000080000000, 0x000000008fb80000, 0x00000000d5580000)
  object space 257536K, 99% used [0x0000000080000000,0x000000008fb481c0,0x000000008fb80000)
 Metaspace       used 75329K, committed 76864K, reserved 1179648K
  class space    used 8324K, committed 9024K, reserved 1048576K
}
Event: 26851.710 GC heap after
{Heap after GC invocations=96 (full 3):
 PSYoungGen      total 12800K, used 5120K [0x00000000d5580000, 0x00000000d6f00000, 0x0000000100000000)
  eden space 7680K, 0% used [0x00000000d5580000,0x00000000d5580000,0x00000000d5d00000)
  from space 5120K, 100% used [0x00000000d5f00000,0x00000000d6400000,0x00000000d6400000)
  to   space 9216K, 0% used [0x00000000d6600000,0x00000000d6600000,0x00000000d6f00000)
 ParOldGen       total 260608K, used 260109K [0x0000000080000000, 0x000000008fe80000, 0x00000000d5580000)
  object space 260608K, 99% used [0x0000000080000000,0x000000008fe036e0,0x000000008fe80000)
 Metaspace       used 75329K, committed 76864K, reserved 1179648K
  class space    used 8324K, committed 9024K, reserved 1048576K
}
Event: 26906.082 GC heap before
{Heap before GC invocations=97 (full 3):
 PSYoungGen      total 12800K, used 12800K [0x00000000d5580000, 0x00000000d6f00000, 0x0000000100000000)
  eden space 7680K, 100% used [0x00000000d5580000,0x00000000d5d00000,0x00000000d5d00000)
  from space 5120K, 100% used [0x00000000d5f00000,0x00000000d6400000,0x00000000d6400000)
  to   space 9216K, 0% used [0x00000000d6600000,0x00000000d6600000,0x00000000d6f00000)
 ParOldGen       total 260608K, used 260109K [0x0000000080000000, 0x000000008fe80000, 0x00000000d5580000)
  object space 260608K, 99% used [0x0000000080000000,0x000000008fe036e0,0x000000008fe80000)
 Metaspace       used 75364K, committed 76928K, reserved 1179648K
  class space    used 8324K, committed 9024K, reserved 1048576K
}
Event: 26906.163 GC heap after
{Heap after GC invocations=97 (full 3):
 PSYoungGen      total 8192K, used 352K [0x00000000d5580000, 0x00000000d6680000, 0x0000000100000000)
  eden space 7680K, 0% used [0x00000000d5580000,0x00000000d5580000,0x00000000d5d00000)
  from space 512K, 68% used [0x00000000d6600000,0x00000000d6658000,0x00000000d6680000)
  to   space 3584K, 0% used [0x00000000d5f80000,0x00000000d5f80000,0x00000000d6300000)
 ParOldGen       total 265216K, used 265097K [0x0000000080000000, 0x0000000090300000, 0x00000000d5580000)
  object space 265216K, 99% used [0x0000000080000000,0x00000000902e2740,0x0000000090300000)
 Metaspace       used 75364K, committed 76928K, reserved 1179648K
  class space    used 8324K, committed 9024K, reserved 1048576K
}
Event: 26961.046 GC heap before
{Heap before GC invocations=98 (full 3):
 PSYoungGen      total 8192K, used 8001K [0x00000000d5580000, 0x00000000d6680000, 0x0000000100000000)
  eden space 7680K, 99% used [0x00000000d5580000,0x00000000d5cf86b8,0x00000000d5d00000)
  from space 512K, 68% used [0x00000000d6600000,0x00000000d6658000,0x00000000d6680000)
  to   space 3584K, 0% used [0x00000000d5f80000,0x00000000d5f80000,0x00000000d6300000)
 ParOldGen       total 265216K, used 265097K [0x0000000080000000, 0x0000000090300000, 0x00000000d5580000)
  object space 265216K, 99% used [0x0000000080000000,0x00000000902e2740,0x0000000090300000)
 Metaspace       used 75441K, committed 76992K, reserved 1179648K
  class space    used 8334K, committed 9024K, reserved 1048576K
}
Event: 26961.084 GC heap after
{Heap after GC invocations=98 (full 3):
 PSYoungGen      total 11264K, used 320K [0x00000000d5580000, 0x00000000d6680000, 0x0000000100000000)
  eden space 7680K, 0% used [0x00000000d5580000,0x00000000d5580000,0x00000000d5d00000)
  from space 3584K, 8% used [0x00000000d5f80000,0x00000000d5fd0000,0x00000000d6300000)
  to   space 1024K, 0% used [0x00000000d6580000,0x00000000d6580000,0x00000000d6680000)
 ParOldGen       total 265728K, used 265280K [0x0000000080000000, 0x0000000090380000, 0x00000000d5580000)
  object space 265728K, 99% used [0x0000000080000000,0x0000000090310150,0x0000000090380000)
 Metaspace       used 75441K, committed 76992K, reserved 1179648K
  class space    used 8334K, committed 9024K, reserved 1048576K
}
Event: 27002.795 GC heap before
{Heap before GC invocations=99 (full 3):
 PSYoungGen      total 11264K, used 8000K [0x00000000d5580000, 0x00000000d6680000, 0x0000000100000000)
  eden space 7680K, 100% used [0x00000000d5580000,0x00000000d5d00000,0x00000000d5d00000)
  from space 3584K, 8% used [0x00000000d5f80000,0x00000000d5fd0000,0x00000000d6300000)
  to   space 1024K, 0% used [0x00000000d6580000,0x00000000d6580000,0x00000000d6680000)
 ParOldGen       total 265728K, used 265280K [0x0000000080000000, 0x0000000090380000, 0x00000000d5580000)
  object space 265728K, 99% used [0x0000000080000000,0x0000000090310150,0x0000000090380000)
 Metaspace       used 75634K, committed 77184K, reserved 1179648K
  class space    used 8351K, committed 9024K, reserved 1048576K
}
Event: 27002.812 GC heap after
{Heap after GC invocations=99 (full 3):
 PSYoungGen      total 8192K, used 288K [0x00000000d5580000, 0x00000000d6600000, 0x0000000100000000)
  eden space 7680K, 0% used [0x00000000d5580000,0x00000000d5580000,0x00000000d5d00000)
  from space 512K, 56% used [0x00000000d6580000,0x00000000d65c8000,0x00000000d6600000)
  to   space 512K, 0% used [0x00000000d6500000,0x00000000d6500000,0x00000000d6580000)
 ParOldGen       total 265728K, used 265352K [0x0000000080000000, 0x0000000090380000, 0x00000000d5580000)
  object space 265728K, 99% used [0x0000000080000000,0x0000000090322150,0x0000000090380000)
 Metaspace       used 75634K, committed 77184K, reserved 1179648K
  class space    used 8351K, committed 9024K, reserved 1048576K
}

